[debug] [2024-07-12T08:33:46.387Z] ----------------------------------------------------------------------
[debug] [2024-07-12T08:33:46.389Z] Command:       C:\Program Files\nodejs\node.exe C:\Users\nguye\AppData\Roaming\npm\node_modules\firebase-tools\lib\bin\firebase.js init hosting
[debug] [2024-07-12T08:33:46.389Z] CLI Version:   13.0.3
[debug] [2024-07-12T08:33:46.390Z] Platform:      win32
[debug] [2024-07-12T08:33:46.390Z] Node Version:  v21.6.2
[debug] [2024-07-12T08:33:46.390Z] Time:          Fri Jul 12 2024 15:33:46 GMT+0700 (Indochina Time)
[debug] [2024-07-12T08:33:46.390Z] ----------------------------------------------------------------------
[debug] 
[debug] [2024-07-12T08:33:46.393Z] >>> [apiv2][query] GET https://firebase-public.firebaseio.com/cli.json [none]
[debug] [2024-07-12T08:33:46.434Z] > command requires scopes: ["email","openid","https://www.googleapis.com/auth/cloudplatformprojects.readonly","https://www.googleapis.com/auth/firebase","https://www.googleapis.com/auth/cloud-platform"]
[debug] [2024-07-12T08:33:46.435Z] > authorizing via signed-in user (le46t@mtholyoke.edu)
[info] 
     ######## #### ########  ######## ########     ###     ######  ########
     ##        ##  ##     ## ##       ##     ##  ##   ##  ##       ##
     ######    ##  ########  ######   ########  #########  ######  ######
     ##        ##  ##    ##  ##       ##     ## ##     ##       ## ##
     ##       #### ##     ## ######## ########  ##     ##  ######  ########

You're about to initialize a Firebase project in this directory:

  C:\Users\nguye\Documents\codedex_hackathon_2024

[debug] [2024-07-12T08:33:47.291Z] <<< [apiv2][status] GET https://firebase-public.firebaseio.com/cli.json 200
[debug] [2024-07-12T08:33:47.292Z] <<< [apiv2][body] GET https://firebase-public.firebaseio.com/cli.json {"cloudBuildErrorAfter":1594252800000,"cloudBuildWarnAfter":1590019200000,"defaultNode10After":1594252800000,"minVersion":"3.0.5","node8DeploysDisabledAfter":1613390400000,"node8RuntimeDisabledAfter":1615809600000,"node8WarnAfter":1600128000000}
[info] 
=== Project Setup
[info] 
[info] First, let's associate this project directory with a Firebase project.
[info] You can create multiple project aliases by running firebase use --add, 
[info] but for now we'll just set up a default project.
[info] 
[debug] [2024-07-12T08:33:54.486Z] > refreshing access token with scopes: []
[debug] [2024-07-12T08:33:54.487Z] >>> [apiv2][query] POST https://www.googleapis.com/oauth2/v3/token [none]
[debug] [2024-07-12T08:33:54.487Z] >>> [apiv2][body] POST https://www.googleapis.com/oauth2/v3/token [omitted]
[debug] [2024-07-12T08:33:54.702Z] <<< [apiv2][status] POST https://www.googleapis.com/oauth2/v3/token 200
[debug] [2024-07-12T08:33:54.702Z] <<< [apiv2][body] POST https://www.googleapis.com/oauth2/v3/token [omitted]
[debug] [2024-07-12T08:33:54.716Z] >>> [apiv2][query] GET https://firebase.googleapis.com/v1beta1/projects pageSize=100
[debug] [2024-07-12T08:33:55.353Z] <<< [apiv2][status] GET https://firebase.googleapis.com/v1beta1/projects 200
[debug] [2024-07-12T08:33:55.353Z] <<< [apiv2][body] GET https://firebase.googleapis.com/v1beta1/projects [omitted]
[info] i  Using project codedex-sip-play (codedex-sip-play) 
[info] 
=== Hosting Setup
[debug] [2024-07-12T08:33:56.876Z] >>> [apiv2][query] GET https://firebase.googleapis.com/v1beta1/projects/codedex-sip-play [none]
[debug] [2024-07-12T08:33:57.135Z] <<< [apiv2][status] GET https://firebase.googleapis.com/v1beta1/projects/codedex-sip-play 200
[debug] [2024-07-12T08:33:57.135Z] <<< [apiv2][body] GET https://firebase.googleapis.com/v1beta1/projects/codedex-sip-play {"projectId":"codedex-sip-play","projectNumber":"257378924174","displayName":"codedex-sip-play","name":"projects/codedex-sip-play","resources":{"hostingSite":"codedex-sip-play"},"state":"ACTIVE","etag":"1_23b51d91-478e-45d4-be30-908b3177c436"}
[info] 
[info] Your public directory is the folder (relative to your project directory) that
[info] will contain Hosting assets to be uploaded with firebase deploy. If you
[info] have a build process for your assets, use your build's output directory.
[info] 
[debug] [2024-07-12T08:36:03.054Z] >>> [apiv2][query] GET https://www.gstatic.com/firebasejs/releases.json [none]
[debug] [2024-07-12T08:36:03.219Z] <<< [apiv2][status] GET https://www.gstatic.com/firebasejs/releases.json 200
[debug] [2024-07-12T08:36:03.219Z] <<< [apiv2][body] GET https://www.gstatic.com/firebasejs/releases.json {"current":{"version":"10.12.3","browserURL":"https://www.gstatic.com/firebasejs/10.12.3/firebase.js","packageURL":"https://www.gstatic.com/firebasejs/10.12.3/firebase.tgz"},"live":{"version":"10.12","browserURL":"https://www.gstatic.com/firebasejs/live/10.12/firebase.js","packageURL":"https://www.gstatic.com/firebasejs/live/10.12/firebase.tgz"},"components":{"analytics":"https://www.gstatic.com/firebasejs/10.12.3/firebase-analytics.js","app":"https://www.gstatic.com/firebasejs/10.12.3/firebase-app.js","app-check":"https://www.gstatic.com/firebasejs/10.12.3/firebase-app-check.js","auth":"https://www.gstatic.com/firebasejs/10.12.3/firebase-auth.js","auth/cordova":"https://www.gstatic.com/firebasejs/10.12.3/firebase-auth/cordova.js","auth/web-extension":"https://www.gstatic.com/firebasejs/10.12.3/firebase-auth/web-extension.js","functions":"https://www.gstatic.com/firebasejs/10.12.3/firebase-functions.js","firestore":"https://www.gstatic.com/firebasejs/10.12.3/firebase-firestore.js","firestore/lite":"https://www.gstatic.com/firebasejs/10.12.3/firebase-firestore/lite.js","installations":"https://www.gstatic.com/firebasejs/10.12.3/firebase-installations.js","storage":"https://www.gstatic.com/firebasejs/10.12.3/firebase-storage.js","performance":"https://www.gstatic.com/firebasejs/10.12.3/firebase-performance.js","remote-config":"https://www.gstatic.com/firebasejs/10.12.3/firebase-remote-config.js","messaging":"https://www.gstatic.com/firebasejs/10.12.3/firebase-messaging.js","messaging/sw":"https://www.gstatic.com/firebasejs/10.12.3/firebase-messaging/sw.js","database":"https://www.gstatic.com/firebasejs/10.12.3/firebase-database.js","vertexai-preview":"https://www.gstatic.com/firebasejs/10.12.3/firebase-vertexai-preview.js","firestore.memory":"https://www.gstatic.com/firebasejs/10.12.3/firebase-firestore.memory.js"}}
[info] +  Wrote build/index.html 
[info] 
[info] i  Didn't detect a .git folder. Assuming C:\Users\nguye\Documents\codedex_hackathon_2024 is the project root. 
[info] i  Authorizing with GitHub to upload your service account to a GitHub repository's secrets store. 
[info] 
[info] Visit this URL on this device to log in:
[info] https://github.com/login/oauth/authorize?client_id=89cf50f02ac6aaed3484&state=958117275&redirect_uri=http%3A%2F%2Flocalhost%3A9005&scope=read%3Auser%20repo%20public_repo
[info] 
[info] Waiting for authentication...
[debug] [2024-07-12T08:36:09.064Z] >>> [apiv2][query] POST https://github.com/login/oauth/access_token [none]
[debug] [2024-07-12T08:36:09.064Z] >>> [apiv2][body] POST https://github.com/login/oauth/access_token [stream]
[debug] [2024-07-12T08:36:09.620Z] <<< [apiv2][status] POST https://github.com/login/oauth/access_token 200
[debug] [2024-07-12T08:36:09.621Z] <<< [apiv2][body] POST https://github.com/login/oauth/access_token {"access_token":"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","token_type":"bearer","scope":"read:user,repo"}
[debug] [2024-07-12T08:36:09.630Z] >>> [apiv2][query] GET https://api.github.com/user [none]
[debug] [2024-07-12T08:36:10.214Z] <<< [apiv2][status] GET https://api.github.com/user 200
[debug] [2024-07-12T08:36:10.214Z] <<< [apiv2][body] GET https://api.github.com/user {"login":"nguyenthaole-amy","id":88921241,"node_id":"MDQ6VXNlcjg4OTIxMjQx","avatar_url":"https://avatars.githubusercontent.com/u/88921241?v=4","gravatar_id":"","url":"https://api.github.com/users/nguyenthaole-amy","html_url":"https://github.com/nguyenthaole-amy","followers_url":"https://api.github.com/users/nguyenthaole-amy/followers","following_url":"https://api.github.com/users/nguyenthaole-amy/following{/other_user}","gists_url":"https://api.github.com/users/nguyenthaole-amy/gists{/gist_id}","starred_url":"https://api.github.com/users/nguyenthaole-amy/starred{/owner}{/repo}","subscriptions_url":"https://api.github.com/users/nguyenthaole-amy/subscriptions","organizations_url":"https://api.github.com/users/nguyenthaole-amy/orgs","repos_url":"https://api.github.com/users/nguyenthaole-amy/repos","events_url":"https://api.github.com/users/nguyenthaole-amy/events{/privacy}","received_events_url":"https://api.github.com/users/nguyenthaole-amy/received_events","type":"User","site_admin":false,"name":"Amy Le","company":null,"blog":"","location":null,"email":"nguyenthao.le@outlook.com","hireable":null,"bio":null,"twitter_username":null,"public_repos":6,"public_gists":0,"followers":1,"following":1,"created_at":"2021-08-14T05:46:07Z","updated_at":"2024-05-17T18:03:37Z","private_gists":0,"total_private_repos":10,"owned_private_repos":10,"disk_usage":1066832,"collaborators":8,"two_factor_authentication":true,"plan":{"name":"free","space":976562499,"collaborators":0,"private_repos":10000}}
[info] 
[info] +  Success! Logged into GitHub as nguyenthaole-amy 
[info] 
